  Moc'ing CultsVS2017.h...
  Uic'ing CultsVS2017.ui...
  Rcc'ing CultsVS2017.qrc...
RCC : warning : No resources in 'C:\Users\WIA2\Documents\Visual Studio 2017\Projects\Cults-VS2017\Cults-VS2017\CultsVS2017.qrc'.
  
  Uic'ing ..\..\..\..\..\Source\Repos\Cults\Code\CultsInterface\GameScreen.ui...
  Uic'ing ..\..\..\..\..\Source\Repos\Cults\Code\CultsInterface\MainMenuForm.ui...
  Uic'ing ..\..\..\..\..\Source\Repos\Cults\Code\CultsInterface\OptionsForm.ui...
  Assett.cpp
  Base.cpp
  Building.cpp
  Buisness.cpp
  Bureaucrat.cpp
  CEO.cpp
  CommandCenter.cpp
  Commander.cpp
  Country.cpp
  Cult.cpp
  CultsVS2017.cpp
  Empire.cpp
  Evangelist.cpp
  FederalGovernment.cpp
  FederalLeader.cpp
  FollowerManager.cpp
  GameMap.cpp
  GameScreen.cpp.cc
  moc_CultsVS2017.cpp
  GoverningBody.cpp
  Compiling...
  Generating Code...
  Compiling...
  Government.cpp
  GovernmentLeader.cpp
  HeadQuarters.cpp
  id.cpp
  idGenerator.cpp
  Improvement.cpp
  Individual.cpp
  Leader.cpp
  LocalGovernment.cpp
  LocalLeader.cpp
  main.cpp
  MainMenuForm.cpp.cc
  Manager.cpp
  MapTile.cpp
  myCity.cpp
  nameByCountry.cpp
  OptionsForm.cpp.cc
  Policy.cpp
  PoliticalParty.cpp
  Politician.cpp
  Compiling...
  Generating Code...
  Compiling...
  Priest.cpp
  RegionalZone.cpp
  Religion.cpp
  ResourceManager.cpp
  SafeHouse.cpp
  Specialist.cpp
  Spy.cpp
  StatusManager.cpp
  StoryEvent.cpp
  Suburb.cpp
  UniqueFollower.cpp
  Zone.cpp
  ZoneManager.cpp
  Compiling...
  Generating Code...
  qrc_CultsVS2017.cpp
  Cults-VS2017.vcxproj -> C:\Users\WIA2\Documents\Visual Studio 2017\Projects\Cults-VS2017\x64\Debug\Cults-VS2017.exe
  Cults-VS2017.vcxproj -> C:\Users\WIA2\Documents\Visual Studio 2017\Projects\Cults-VS2017\x64\Debug\Cults-VS2017.pdb (Full PDB)
c:\users\wia2\documents\visual studio 2017\projects\cults-vs2017\cults-vs2017\namebycountry.cpp(93): warning C6001: Using uninitialized memory 'result'.
