c:\users\wia2\documents\visual studio 2017\projects\cults-vs2017\cults-vs2017\x64\debug\vc141.pdb
c:\users\wia2\documents\visual studio 2017\projects\cults-vs2017\cults-vs2017\x64\debug\governingbody.obj
c:\users\wia2\documents\visual studio 2017\projects\cults-vs2017\cults-vs2017\x64\debug\moc_cultsvs2017.obj
c:\users\wia2\documents\visual studio 2017\projects\cults-vs2017\cults-vs2017\x64\debug\gamescreen.cpp.obj
c:\users\wia2\documents\visual studio 2017\projects\cults-vs2017\cults-vs2017\x64\debug\gamemap.obj
c:\users\wia2\documents\visual studio 2017\projects\cults-vs2017\cults-vs2017\x64\debug\followermanager.obj
c:\users\wia2\documents\visual studio 2017\projects\cults-vs2017\cults-vs2017\x64\debug\federalleader.obj
c:\users\wia2\documents\visual studio 2017\projects\cults-vs2017\cults-vs2017\x64\debug\federalgovernment.obj
c:\users\wia2\documents\visual studio 2017\projects\cults-vs2017\cults-vs2017\x64\debug\evangelist.obj
c:\users\wia2\documents\visual studio 2017\projects\cults-vs2017\cults-vs2017\x64\debug\empire.obj
c:\users\wia2\documents\visual studio 2017\projects\cults-vs2017\cults-vs2017\x64\debug\cultsvs2017.obj
c:\users\wia2\documents\visual studio 2017\projects\cults-vs2017\cults-vs2017\x64\debug\cult.obj
c:\users\wia2\documents\visual studio 2017\projects\cults-vs2017\cults-vs2017\x64\debug\country.obj
c:\users\wia2\documents\visual studio 2017\projects\cults-vs2017\cults-vs2017\x64\debug\commander.obj
c:\users\wia2\documents\visual studio 2017\projects\cults-vs2017\cults-vs2017\x64\debug\commandcenter.obj
c:\users\wia2\documents\visual studio 2017\projects\cults-vs2017\cults-vs2017\x64\debug\ceo.obj
c:\users\wia2\documents\visual studio 2017\projects\cults-vs2017\cults-vs2017\x64\debug\bureaucrat.obj
c:\users\wia2\documents\visual studio 2017\projects\cults-vs2017\cults-vs2017\x64\debug\buisness.obj
c:\users\wia2\documents\visual studio 2017\projects\cults-vs2017\cults-vs2017\x64\debug\building.obj
c:\users\wia2\documents\visual studio 2017\projects\cults-vs2017\cults-vs2017\x64\debug\base.obj
c:\users\wia2\documents\visual studio 2017\projects\cults-vs2017\cults-vs2017\x64\debug\assett.obj
c:\users\wia2\documents\visual studio 2017\projects\cults-vs2017\cults-vs2017\x64\debug\politician.obj
c:\users\wia2\documents\visual studio 2017\projects\cults-vs2017\cults-vs2017\x64\debug\politicalparty.obj
c:\users\wia2\documents\visual studio 2017\projects\cults-vs2017\cults-vs2017\x64\debug\policy.obj
c:\users\wia2\documents\visual studio 2017\projects\cults-vs2017\cults-vs2017\x64\debug\optionsform.cpp.obj
c:\users\wia2\documents\visual studio 2017\projects\cults-vs2017\cults-vs2017\x64\debug\namebycountry.obj
c:\users\wia2\documents\visual studio 2017\projects\cults-vs2017\cults-vs2017\x64\debug\mycity.obj
c:\users\wia2\documents\visual studio 2017\projects\cults-vs2017\cults-vs2017\x64\debug\maptile.obj
c:\users\wia2\documents\visual studio 2017\projects\cults-vs2017\cults-vs2017\x64\debug\manager.obj
c:\users\wia2\documents\visual studio 2017\projects\cults-vs2017\cults-vs2017\x64\debug\mainmenuform.cpp.obj
c:\users\wia2\documents\visual studio 2017\projects\cults-vs2017\cults-vs2017\x64\debug\main.obj
c:\users\wia2\documents\visual studio 2017\projects\cults-vs2017\cults-vs2017\x64\debug\localleader.obj
c:\users\wia2\documents\visual studio 2017\projects\cults-vs2017\cults-vs2017\x64\debug\localgovernment.obj
c:\users\wia2\documents\visual studio 2017\projects\cults-vs2017\cults-vs2017\x64\debug\leader.obj
c:\users\wia2\documents\visual studio 2017\projects\cults-vs2017\cults-vs2017\x64\debug\individual.obj
c:\users\wia2\documents\visual studio 2017\projects\cults-vs2017\cults-vs2017\x64\debug\improvement.obj
c:\users\wia2\documents\visual studio 2017\projects\cults-vs2017\cults-vs2017\x64\debug\idgenerator.obj
c:\users\wia2\documents\visual studio 2017\projects\cults-vs2017\cults-vs2017\x64\debug\id.obj
c:\users\wia2\documents\visual studio 2017\projects\cults-vs2017\cults-vs2017\x64\debug\headquarters.obj
c:\users\wia2\documents\visual studio 2017\projects\cults-vs2017\cults-vs2017\x64\debug\governmentleader.obj
c:\users\wia2\documents\visual studio 2017\projects\cults-vs2017\cults-vs2017\x64\debug\government.obj
c:\users\wia2\documents\visual studio 2017\projects\cults-vs2017\cults-vs2017\x64\debug\zonemanager.obj
c:\users\wia2\documents\visual studio 2017\projects\cults-vs2017\cults-vs2017\x64\debug\zone.obj
c:\users\wia2\documents\visual studio 2017\projects\cults-vs2017\cults-vs2017\x64\debug\uniquefollower.obj
c:\users\wia2\documents\visual studio 2017\projects\cults-vs2017\cults-vs2017\x64\debug\suburb.obj
c:\users\wia2\documents\visual studio 2017\projects\cults-vs2017\cults-vs2017\x64\debug\storyevent.obj
c:\users\wia2\documents\visual studio 2017\projects\cults-vs2017\cults-vs2017\x64\debug\statusmanager.obj
c:\users\wia2\documents\visual studio 2017\projects\cults-vs2017\cults-vs2017\x64\debug\spy.obj
c:\users\wia2\documents\visual studio 2017\projects\cults-vs2017\cults-vs2017\x64\debug\specialist.obj
c:\users\wia2\documents\visual studio 2017\projects\cults-vs2017\cults-vs2017\x64\debug\safehouse.obj
c:\users\wia2\documents\visual studio 2017\projects\cults-vs2017\cults-vs2017\x64\debug\resourcemanager.obj
c:\users\wia2\documents\visual studio 2017\projects\cults-vs2017\cults-vs2017\x64\debug\religion.obj
c:\users\wia2\documents\visual studio 2017\projects\cults-vs2017\cults-vs2017\x64\debug\regionalzone.obj
c:\users\wia2\documents\visual studio 2017\projects\cults-vs2017\cults-vs2017\x64\debug\priest.obj
c:\users\wia2\documents\visual studio 2017\projects\cults-vs2017\cults-vs2017\x64\debug\qrc_cultsvs2017.obj
c:\users\wia2\documents\visual studio 2017\projects\cults-vs2017\cults-vs2017\generatedfiles\debug\moc_cultsvs2017.cpp
c:\users\wia2\documents\visual studio 2017\projects\cults-vs2017\cults-vs2017\generatedfiles\ui_cultsvs2017.h
c:\users\wia2\documents\visual studio 2017\projects\cults-vs2017\cults-vs2017\generatedfiles\debug\moc_gamescreen.cpp
c:\users\wia2\documents\visual studio 2017\projects\cults-vs2017\cults-vs2017\generatedfiles\debug\moc_mainmenuform.cpp
c:\users\wia2\documents\visual studio 2017\projects\cults-vs2017\cults-vs2017\generatedfiles\debug\moc_optionsform.cpp
c:\users\wia2\documents\visual studio 2017\projects\cults-vs2017\cults-vs2017\generatedfiles\qrc_cultsvs2017.cpp
c:\users\wia2\documents\visual studio 2017\projects\cults-vs2017\cults-vs2017\generatedfiles\ui_gamescreen.h
c:\users\wia2\documents\visual studio 2017\projects\cults-vs2017\cults-vs2017\generatedfiles\ui_mainmenuform.h
c:\users\wia2\documents\visual studio 2017\projects\cults-vs2017\cults-vs2017\generatedfiles\ui_optionsform.h
c:\users\wia2\documents\visual studio 2017\projects\cults-vs2017\x64\debug\cults-vs2017.exe
c:\users\wia2\documents\visual studio 2017\projects\cults-vs2017\x64\debug\cults-vs2017.ilk
c:\users\wia2\documents\visual studio 2017\projects\cults-vs2017\x64\debug\cults-vs2017.pdb
c:\users\wia2\documents\visual studio 2017\projects\cults-vs2017\cults-vs2017\x64\debug\cults-vs2017.tlog\cl.command.1.tlog
c:\users\wia2\documents\visual studio 2017\projects\cults-vs2017\cults-vs2017\x64\debug\cults-vs2017.tlog\cl.read.1.tlog
c:\users\wia2\documents\visual studio 2017\projects\cults-vs2017\cults-vs2017\x64\debug\cults-vs2017.tlog\cl.write.1.tlog
c:\users\wia2\documents\visual studio 2017\projects\cults-vs2017\cults-vs2017\x64\debug\cults-vs2017.tlog\custombuild.command.1.tlog
c:\users\wia2\documents\visual studio 2017\projects\cults-vs2017\cults-vs2017\x64\debug\cults-vs2017.tlog\custombuild.read.1.tlog
c:\users\wia2\documents\visual studio 2017\projects\cults-vs2017\cults-vs2017\x64\debug\cults-vs2017.tlog\custombuild.write.1.tlog
c:\users\wia2\documents\visual studio 2017\projects\cults-vs2017\cults-vs2017\x64\debug\cults-vs2017.tlog\link.command.1.tlog
c:\users\wia2\documents\visual studio 2017\projects\cults-vs2017\cults-vs2017\x64\debug\cults-vs2017.tlog\link.read.1.tlog
c:\users\wia2\documents\visual studio 2017\projects\cults-vs2017\cults-vs2017\x64\debug\cults-vs2017.tlog\link.write.1.tlog
